<?xml version="1.0" encoding="UTF-8"?>
<!-- Generated by org.testng.reporters.JUnitReportReporter -->
<testsuite skipped="0" hostname="HCMHOH02HHUL126" name="aspiraapp.OdooApplication" tests="1" failures="0" timestamp="19 Jan 2022 07:09:12 GMT" time="21.834" errors="0">
  <testcase name="testOdooApplication" time="21.834" classname="aspiraapp.OdooApplication"/>
</testsuite> <!-- aspiraapp.OdooApplication -->
